0 info it worked if it ends with ok
1 verbose cli [ '/usr/bin/node', '/usr/bin/npm', 'run', 'protractor' ]
2 info using npm@1.4.28
3 info using node@v0.10.40
4 verbose node symlink /usr/bin/node
5 verbose run-script [ 'preprotractor', 'protractor', 'postprotractor' ]
6 info preprotractor angular-phonecat@0.0.0
7 verbose unsafe-perm in lifecycle true
8 info protractor angular-phonecat@0.0.0
9 verbose unsafe-perm in lifecycle true
10 info angular-phonecat@0.0.0 Failed to exec protractor script
11 error angular-phonecat@0.0.0 protractor: `protractor test/protractor-conf.js`
11 error Exit status 8
12 error Failed at the angular-phonecat@0.0.0 protractor script.
12 error This is most likely a problem with the angular-phonecat package,
12 error not with npm itself.
12 error Tell the author that this fails on your system:
12 error     protractor test/protractor-conf.js
12 error You can get their info via:
12 error     npm owner ls angular-phonecat
12 error There is likely additional logging output above.
13 error System Linux 3.13.0-62-generic
14 error command "/usr/bin/node" "/usr/bin/npm" "run" "protractor"
15 error cwd /shared/dev/RHELWebStorm/angular/08_PhoneCat
16 error node -v v0.10.40
17 error npm -v 1.4.28
18 error code ELIFECYCLE
19 verbose exit [ 1, true ]
